<?xml version="1.0" encoding="UTF-8"?>
<!-- Generated by org.testng.reporters.JUnitReportReporter -->
<testsuite skipped="1" hostname="LT086984" name="com.testcases.LoginTC" tests="3" failures="0" timestamp="09 Nov 2020 03:36:53 GMT" time="52.954" errors="0">
  <testcase name="LoginPagee" time="19.899" classname="com.testcases.LoginTC"/>
  <testcase name="LoginPagee" time="33.055" classname="com.testcases.LoginTC"/>
  <testcase name="LoginPage" classname="com.testcases.LoginTC">
    <skipped/>
  </testcase> <!-- LoginPage -->
</testsuite> <!-- com.testcases.LoginTC -->
